(node:4158) [DEP_WEBPACK_DEV_SERVER_ON_AFTER_SETUP_MIDDLEWARE] DeprecationWarning: 'onAfterSetupMiddleware' option is deprecated. Please use the 'setupMiddlewares' option.
(Use `node --trace-deprecation ...` to show where the warning was created)
(node:4158) [DEP_WEBPACK_DEV_SERVER_ON_BEFORE_SETUP_MIDDLEWARE] DeprecationWarning: 'onBeforeSetupMiddleware' option is deprecated. Please use the 'setupMiddlewares' option.
[0;33mOne of your dependencies, babel-preset-react-app, is importing the
"@babel/plugin-proposal-private-property-in-object" package without
declaring it in its dependencies. This is currently working because
"@babel/plugin-proposal-private-property-in-object" is already in your
node_modules folder for unrelated reasons, but it [1mmay break at any time[0;33m.

babel-preset-react-app is part of the create-react-app project, [1mwhich
is not maintianed anymore[0;33m. It is thus unlikely that this bug will
ever be fixed. Add "@babel/plugin-proposal-private-property-in-object" to
your devDependencies to work around this error. This will make this message
go away.[0m
  
(node:4489) [DEP_WEBPACK_DEV_SERVER_ON_AFTER_SETUP_MIDDLEWARE] DeprecationWarning: 'onAfterSetupMiddleware' option is deprecated. Please use the 'setupMiddlewares' option.
(Use `node --trace-deprecation ...` to show where the warning was created)
(node:4489) [DEP_WEBPACK_DEV_SERVER_ON_BEFORE_SETUP_MIDDLEWARE] DeprecationWarning: 'onBeforeSetupMiddleware' option is deprecated. Please use the 'setupMiddlewares' option.
node:internal/modules/cjs/loader:1143
  throw err;
  ^

Error: Cannot find module 'universalify'
Require stack:
- /home/ubuntu/frontend/node_modules/fork-ts-checker-webpack-plugin/node_modules/fs-extra/lib/fs/index.js
- /home/ubuntu/frontend/node_modules/fork-ts-checker-webpack-plugin/node_modules/fs-extra/lib/index.js
- /home/ubuntu/frontend/node_modules/fork-ts-checker-webpack-plugin/lib/formatter/CodeFrameFormatter.js
- /home/ubuntu/frontend/node_modules/fork-ts-checker-webpack-plugin/lib/formatter/index.js
- /home/ubuntu/frontend/node_modules/fork-ts-checker-webpack-plugin/lib/ForkTsCheckerWebpackPluginConfiguration.js
- /home/ubuntu/frontend/node_modules/fork-ts-checker-webpack-plugin/lib/ForkTsCheckerWebpackPlugin.js
- /home/ubuntu/frontend/node_modules/fork-ts-checker-webpack-plugin/lib/index.js
- /home/ubuntu/frontend/node_modules/react-dev-utils/ForkTsCheckerWebpackPlugin.js
- /home/ubuntu/frontend/node_modules/react-dev-utils/WebpackDevServerUtils.js
- /home/ubuntu/frontend/node_modules/react-scripts/scripts/start.js
    at Module._resolveFilename (node:internal/modules/cjs/loader:1140:15)
    at Module._load (node:internal/modules/cjs/loader:981:27)
    at Module.require (node:internal/modules/cjs/loader:1231:19)
    at require (node:internal/modules/helpers:177:18)
    at Object.<anonymous> (/home/ubuntu/frontend/node_modules/fork-ts-checker-webpack-plugin/node_modules/fs-extra/lib/fs/index.js:4:11)
    at Module._compile (node:internal/modules/cjs/loader:1364:14)
    at Module._extensions..js (node:internal/modules/cjs/loader:1422:10)
    at Module.load (node:internal/modules/cjs/loader:1203:32)
    at Module._load (node:internal/modules/cjs/loader:1019:12)
    at Module.require (node:internal/modules/cjs/loader:1231:19) {
  code: 'MODULE_NOT_FOUND',
  requireStack: [
    '/home/ubuntu/frontend/node_modules/fork-ts-checker-webpack-plugin/node_modules/fs-extra/lib/fs/index.js',
    '/home/ubuntu/frontend/node_modules/fork-ts-checker-webpack-plugin/node_modules/fs-extra/lib/index.js',
    '/home/ubuntu/frontend/node_modules/fork-ts-checker-webpack-plugin/lib/formatter/CodeFrameFormatter.js',
    '/home/ubuntu/frontend/node_modules/fork-ts-checker-webpack-plugin/lib/formatter/index.js',
    '/home/ubuntu/frontend/node_modules/fork-ts-checker-webpack-plugin/lib/ForkTsCheckerWebpackPluginConfiguration.js',
    '/home/ubuntu/frontend/node_modules/fork-ts-checker-webpack-plugin/lib/ForkTsCheckerWebpackPlugin.js',
    '/home/ubuntu/frontend/node_modules/fork-ts-checker-webpack-plugin/lib/index.js',
    '/home/ubuntu/frontend/node_modules/react-dev-utils/ForkTsCheckerWebpackPlugin.js',
    '/home/ubuntu/frontend/node_modules/react-dev-utils/WebpackDevServerUtils.js',
    '/home/ubuntu/frontend/node_modules/react-scripts/scripts/start.js'
  ]
}

Node.js v18.20.5
node:internal/modules/cjs/loader:1143
  throw err;
  ^

Error: Cannot find module 'is-root'
Require stack:
- /home/ubuntu/frontend/node_modules/react-dev-utils/WebpackDevServerUtils.js
- /home/ubuntu/frontend/node_modules/react-scripts/scripts/start.js
    at Module._resolveFilename (node:internal/modules/cjs/loader:1140:15)
    at Module._load (node:internal/modules/cjs/loader:981:27)
    at Module.require (node:internal/modules/cjs/loader:1231:19)
    at require (node:internal/modules/helpers:177:18)
    at Object.<anonymous> (/home/ubuntu/frontend/node_modules/react-dev-utils/WebpackDevServerUtils.js:15:16)
    at Module._compile (node:internal/modules/cjs/loader:1364:14)
    at Module._extensions..js (node:internal/modules/cjs/loader:1422:10)
    at Module.load (node:internal/modules/cjs/loader:1203:32)
    at Module._load (node:internal/modules/cjs/loader:1019:12)
    at Module.require (node:internal/modules/cjs/loader:1231:19) {
  code: 'MODULE_NOT_FOUND',
  requireStack: [
    '/home/ubuntu/frontend/node_modules/react-dev-utils/WebpackDevServerUtils.js',
    '/home/ubuntu/frontend/node_modules/react-scripts/scripts/start.js'
  ]
}

Node.js v18.20.5
node:internal/modules/cjs/loader:1143
  throw err;
  ^

Error: Cannot find module 'isexe'
Require stack:
- /home/ubuntu/frontend/node_modules/which/which.js
- /home/ubuntu/frontend/node_modules/cross-spawn/lib/util/resolveCommand.js
- /home/ubuntu/frontend/node_modules/cross-spawn/lib/parse.js
- /home/ubuntu/frontend/node_modules/cross-spawn/index.js
- /home/ubuntu/frontend/node_modules/react-dev-utils/crossSpawn.js
- /home/ubuntu/frontend/node_modules/react-scripts/bin/react-scripts.js
    at Module._resolveFilename (node:internal/modules/cjs/loader:1140:15)
    at Module._load (node:internal/modules/cjs/loader:981:27)
    at Module.require (node:internal/modules/cjs/loader:1231:19)
    at require (node:internal/modules/helpers:177:18)
    at Object.<anonymous> (/home/ubuntu/frontend/node_modules/which/which.js:7:15)
    at Module._compile (node:internal/modules/cjs/loader:1364:14)
    at Module._extensions..js (node:internal/modules/cjs/loader:1422:10)
    at Module.load (node:internal/modules/cjs/loader:1203:32)
    at Module._load (node:internal/modules/cjs/loader:1019:12)
    at Module.require (node:internal/modules/cjs/loader:1231:19) {
  code: 'MODULE_NOT_FOUND',
  requireStack: [
    '/home/ubuntu/frontend/node_modules/which/which.js',
    '/home/ubuntu/frontend/node_modules/cross-spawn/lib/util/resolveCommand.js',
    '/home/ubuntu/frontend/node_modules/cross-spawn/lib/parse.js',
    '/home/ubuntu/frontend/node_modules/cross-spawn/index.js',
    '/home/ubuntu/frontend/node_modules/react-dev-utils/crossSpawn.js',
    '/home/ubuntu/frontend/node_modules/react-scripts/bin/react-scripts.js'
  ]
}

Node.js v18.20.5
node:internal/modules/cjs/loader:1143
  throw err;
  ^

Error: Cannot find module 'isexe'
Require stack:
- /home/ubuntu/frontend/node_modules/which/which.js
- /home/ubuntu/frontend/node_modules/cross-spawn/lib/util/resolveCommand.js
- /home/ubuntu/frontend/node_modules/cross-spawn/lib/parse.js
- /home/ubuntu/frontend/node_modules/cross-spawn/index.js
- /home/ubuntu/frontend/node_modules/react-dev-utils/crossSpawn.js
- /home/ubuntu/frontend/node_modules/react-scripts/bin/react-scripts.js
    at Module._resolveFilename (node:internal/modules/cjs/loader:1140:15)
    at Module._load (node:internal/modules/cjs/loader:981:27)
    at Module.require (node:internal/modules/cjs/loader:1231:19)
    at require (node:internal/modules/helpers:177:18)
    at Object.<anonymous> (/home/ubuntu/frontend/node_modules/which/which.js:7:15)
    at Module._compile (node:internal/modules/cjs/loader:1364:14)
    at Module._extensions..js (node:internal/modules/cjs/loader:1422:10)
    at Module.load (node:internal/modules/cjs/loader:1203:32)
    at Module._load (node:internal/modules/cjs/loader:1019:12)
    at Module.require (node:internal/modules/cjs/loader:1231:19) {
  code: 'MODULE_NOT_FOUND',
  requireStack: [
    '/home/ubuntu/frontend/node_modules/which/which.js',
    '/home/ubuntu/frontend/node_modules/cross-spawn/lib/util/resolveCommand.js',
    '/home/ubuntu/frontend/node_modules/cross-spawn/lib/parse.js',
    '/home/ubuntu/frontend/node_modules/cross-spawn/index.js',
    '/home/ubuntu/frontend/node_modules/react-dev-utils/crossSpawn.js',
    '/home/ubuntu/frontend/node_modules/react-scripts/bin/react-scripts.js'
  ]
}

Node.js v18.20.5
node:internal/modules/cjs/loader:1143
  throw err;
  ^

Error: Cannot find module 'isexe'
Require stack:
- /home/ubuntu/frontend/node_modules/which/which.js
- /home/ubuntu/frontend/node_modules/cross-spawn/lib/util/resolveCommand.js
- /home/ubuntu/frontend/node_modules/cross-spawn/lib/parse.js
- /home/ubuntu/frontend/node_modules/cross-spawn/index.js
- /home/ubuntu/frontend/node_modules/react-dev-utils/crossSpawn.js
- /home/ubuntu/frontend/node_modules/react-scripts/bin/react-scripts.js
    at Module._resolveFilename (node:internal/modules/cjs/loader:1140:15)
    at Module._load (node:internal/modules/cjs/loader:981:27)
    at Module.require (node:internal/modules/cjs/loader:1231:19)
    at require (node:internal/modules/helpers:177:18)
    at Object.<anonymous> (/home/ubuntu/frontend/node_modules/which/which.js:7:15)
    at Module._compile (node:internal/modules/cjs/loader:1364:14)
    at Module._extensions..js (node:internal/modules/cjs/loader:1422:10)
    at Module.load (node:internal/modules/cjs/loader:1203:32)
    at Module._load (node:internal/modules/cjs/loader:1019:12)
    at Module.require (node:internal/modules/cjs/loader:1231:19) {
  code: 'MODULE_NOT_FOUND',
  requireStack: [
    '/home/ubuntu/frontend/node_modules/which/which.js',
    '/home/ubuntu/frontend/node_modules/cross-spawn/lib/util/resolveCommand.js',
    '/home/ubuntu/frontend/node_modules/cross-spawn/lib/parse.js',
    '/home/ubuntu/frontend/node_modules/cross-spawn/index.js',
    '/home/ubuntu/frontend/node_modules/react-dev-utils/crossSpawn.js',
    '/home/ubuntu/frontend/node_modules/react-scripts/bin/react-scripts.js'
  ]
}

Node.js v18.20.5
node:internal/modules/cjs/loader:1143
  throw err;
  ^

Error: Cannot find module 'react-dev-utils/crossSpawn'
Require stack:
- /home/ubuntu/frontend/node_modules/react-scripts/bin/react-scripts.js
    at Module._resolveFilename (node:internal/modules/cjs/loader:1140:15)
    at Module._load (node:internal/modules/cjs/loader:981:27)
    at Module.require (node:internal/modules/cjs/loader:1231:19)
    at require (node:internal/modules/helpers:177:18)
    at Object.<anonymous> (/home/ubuntu/frontend/node_modules/react-scripts/bin/react-scripts.js:18:15)
    at Module._compile (node:internal/modules/cjs/loader:1364:14)
    at Module._extensions..js (node:internal/modules/cjs/loader:1422:10)
    at Module.load (node:internal/modules/cjs/loader:1203:32)
    at Module._load (node:internal/modules/cjs/loader:1019:12)
    at Function.executeUserEntryPoint [as runMain] (node:internal/modules/run_main:128:12) {
  code: 'MODULE_NOT_FOUND',
  requireStack: [
    '/home/ubuntu/frontend/node_modules/react-scripts/bin/react-scripts.js'
  ]
}

Node.js v18.20.5
sh: 1: react-scripts: not found
sh: 1: react-scripts: not found
sh: 1: react-scripts: not found
sh: 1: react-scripts: not found
sh: 1: react-scripts: not found
sh: 1: react-scripts: not found
sh: 1: react-scripts: not found
sh: 1: react-scripts: not found
sh: 1: react-scripts: not found
sh: 1: react-scripts: not found
sh: 1: react-scripts: not found
sh: 1: react-scripts: not found
sh: 1: react-scripts: not found
sh: 1: react-scripts: not found
sh: 1: react-scripts: not found
sh: 1: react-scripts: not found
sh: 1: react-scripts: not found
sh: 1: react-scripts: not found
sh: 1: react-scripts: not found
sh: 1: react-scripts: not found
sh: 1: react-scripts: not found
sh: 1: react-scripts: not found
sh: 1: react-scripts: not found
sh: 1: react-scripts: not found
sh: 1: react-scripts: not found
sh: 1: react-scripts: not found
sh: 1: react-scripts: not found
sh: 1: react-scripts: not found
sh: 1: react-scripts: not found
sh: 1: react-scripts: not found
sh: 1: react-scripts: not found
sh: 1: react-scripts: not found
sh: 1: react-scripts: not found
sh: 1: react-scripts: not found
sh: 1: react-scripts: not found
sh: 1: react-scripts: not found
sh: 1: react-scripts: not found
sh: 1: react-scripts: not found
sh: 1: react-scripts: not found
sh: 1: react-scripts: not found
sh: 1: react-scripts: not found
sh: 1: react-scripts: not found
sh: 1: react-scripts: not found
sh: 1: react-scripts: not found
sh: 1: react-scripts: not found
sh: 1: react-scripts: not found
sh: 1: react-scripts: not found
sh: 1: react-scripts: not found
sh: 1: react-scripts: not found
sh: 1: react-scripts: not found
sh: 1: react-scripts: not found
sh: 1: react-scripts: not found
sh: 1: react-scripts: not found
sh: 1: react-scripts: not found
sh: 1: react-scripts: not found
sh: 1: react-scripts: not found
sh: 1: react-scripts: not found
sh: 1: react-scripts: not found
sh: 1: react-scripts: not found
sh: 1: react-scripts: not found
sh: 1: react-scripts: not found
sh: 1: react-scripts: not found
sh: 1: react-scripts: not found
sh: 1: react-scripts: not found
sh: 1: react-scripts: not found
